Started GET "/articles" for 127.0.0.1 at 2017-04-17 20:34:03 -0500
  
ActionController::RoutingError (No route matches [GET] "/articles"):
  
actionpack (5.0.2) lib/action_dispatch/middleware/debug_exceptions.rb:53:in `call'
web-console (3.5.0) lib/web_console/middleware.rb:135:in `call_app'
web-console (3.5.0) lib/web_console/middleware.rb:28:in `block in call'
web-console (3.5.0) lib/web_console/middleware.rb:18:in `catch'
web-console (3.5.0) lib/web_console/middleware.rb:18:in `call'
actionpack (5.0.2) lib/action_dispatch/middleware/show_exceptions.rb:31:in `call'
railties (5.0.2) lib/rails/rack/logger.rb:36:in `call_app'
railties (5.0.2) lib/rails/rack/logger.rb:24:in `block in call'
activesupport (5.0.2) lib/active_support/tagged_logging.rb:69:in `block in tagged'
activesupport (5.0.2) lib/active_support/tagged_logging.rb:26:in `tagged'
activesupport (5.0.2) lib/active_support/tagged_logging.rb:69:in `tagged'
railties (5.0.2) lib/rails/rack/logger.rb:24:in `call'
sprockets-rails (3.2.0) lib/sprockets/rails/quiet_assets.rb:13:in `call'
actionpack (5.0.2) lib/action_dispatch/middleware/request_id.rb:24:in `call'
rack (2.0.1) lib/rack/method_override.rb:22:in `call'
rack (2.0.1) lib/rack/runtime.rb:22:in `call'
activesupport (5.0.2) lib/active_support/cache/strategy/local_cache_middleware.rb:28:in `call'
actionpack (5.0.2) lib/action_dispatch/middleware/executor.rb:12:in `call'
actionpack (5.0.2) lib/action_dispatch/middleware/static.rb:136:in `call'
rack (2.0.1) lib/rack/sendfile.rb:111:in `call'
railties (5.0.2) lib/rails/engine.rb:522:in `call'
puma (3.8.2) lib/puma/configuration.rb:224:in `call'
puma (3.8.2) lib/puma/server.rb:600:in `handle_request'
puma (3.8.2) lib/puma/server.rb:435:in `process_client'
puma (3.8.2) lib/puma/server.rb:299:in `block in run'
puma (3.8.2) lib/puma/thread_pool.rb:120:in `block in spawn_thread'
  Rendering /var/lib/gems/2.3.0/gems/actionpack-5.0.2/lib/action_dispatch/middleware/templates/rescues/routing_error.html.erb within rescues/layout
  Rendering /var/lib/gems/2.3.0/gems/actionpack-5.0.2/lib/action_dispatch/middleware/templates/rescues/_trace.html.erb
  Rendered /var/lib/gems/2.3.0/gems/actionpack-5.0.2/lib/action_dispatch/middleware/templates/rescues/_trace.html.erb (1.4ms)
  Rendered /var/lib/gems/2.3.0/gems/actionpack-5.0.2/lib/action_dispatch/middleware/templates/routes/_table.html.erb (6.0ms)
  Rendering /var/lib/gems/2.3.0/gems/actionpack-5.0.2/lib/action_dispatch/middleware/templates/rescues/_request_and_response.html.erb
  Rendered /var/lib/gems/2.3.0/gems/actionpack-5.0.2/lib/action_dispatch/middleware/templates/rescues/_request_and_response.html.erb (7.7ms)
  Rendered /var/lib/gems/2.3.0/gems/actionpack-5.0.2/lib/action_dispatch/middleware/templates/rescues/routing_error.html.erb within rescues/layout (37.2ms)
Started GET "/" for 127.0.0.1 at 2017-04-17 20:34:41 -0500
Processing by Rails::WelcomeController#index as HTML
  Parameters: {"internal"=>true}
  Rendering /var/lib/gems/2.3.0/gems/railties-5.0.2/lib/rails/templates/rails/welcome/index.html.erb
  Rendered /var/lib/gems/2.3.0/gems/railties-5.0.2/lib/rails/templates/rails/welcome/index.html.erb (15.1ms)
Completed 200 OK in 30ms (Views: 22.8ms | ActiveRecord: 0.0ms)


Started GET "/" for 127.0.0.1 at 2017-04-17 20:39:39 -0500
Processing by Rails::WelcomeController#index as HTML
  Parameters: {"internal"=>true}
  Rendering /var/lib/gems/2.3.0/gems/railties-5.0.2/lib/rails/templates/rails/welcome/index.html.erb
  Rendered /var/lib/gems/2.3.0/gems/railties-5.0.2/lib/rails/templates/rails/welcome/index.html.erb (4.5ms)
Completed 200 OK in 8ms (Views: 6.1ms | ActiveRecord: 0.0ms)


Started GET "/" for 127.0.0.1 at 2017-04-17 20:43:04 -0500
Processing by WelcomeController#index as HTML
  Rendering welcome/index.html.erb within layouts/application
  Rendered welcome/index.html.erb within layouts/application (1.0ms)
Completed 200 OK in 586ms (Views: 585.1ms | ActiveRecord: 0.0ms)


